<?xml version="1.0" encoding="UTF-8"?>
<!-- Generated by org.testng.reporters.JUnitXMLReporter -->
<testsuite ignored="0" hostname="DESKTOP-FUGQNF4" failures="0" tests="5" name="Default test" time="21.601" errors="0" timestamp="2023-11-14T14:06:16 IST">
  <testcase classname="TestCase.LoginPageTestCase" name="test01" time="2.569"/>
  <testcase classname="TestCase.LoginPageTestCase" name="test02" time="3.52"/>
  <testcase classname="TestCase.LoginPageTestCase" name="test03" time="2.549"/>
  <testcase classname="TestCase.LoginPageTestCase" name="test04" time="1.176"/>
  <testcase classname="TestCase.LoginPageTestCase" name="test05" time="2.585"/>
</testsuite> <!-- Default test -->
