<?xml version="1.0" encoding="UTF-8"?>
<testng-results ignored="0" total="5" passed="5" failed="0" skipped="0">
  <reporter-output>
  </reporter-output>
  <suite started-at="2023-11-14T14:05:54 IST" name="Default suite" finished-at="2023-11-14T14:06:16 IST" duration-ms="21601">
    <groups>
    </groups>
    <test started-at="2023-11-14T14:05:54 IST" name="Default test" finished-at="2023-11-14T14:06:16 IST" duration-ms="21601">
      <class name="TestCase.LoginPageTestCase">
        <test-method is-config="true" signature="test()[pri:0, instance:TestCase.LoginPageTestCase@7dda48d9]" started-at="2023-11-14T14:05:54 IST" name="test" finished-at="2023-11-14T14:05:55 IST" duration-ms="707" status="PASS">
          <reporter-output>
          </reporter-output>
        </test-method> <!-- test -->
        <test-method is-config="true" signature="setUp()[pri:0, instance:TestCase.LoginPageTestCase@7dda48d9]" started-at="2023-11-14T14:05:55 IST" name="setUp" finished-at="2023-11-14T14:06:03 IST" duration-ms="7496" status="PASS">
          <reporter-output>
          </reporter-output>
        </test-method> <!-- setUp -->
        <test-method signature="test01()[pri:1, instance:TestCase.LoginPageTestCase@7dda48d9]" started-at="2023-11-14T14:06:03 IST" name="test01" finished-at="2023-11-14T14:06:05 IST" duration-ms="2569" status="PASS">
          <reporter-output>
          </reporter-output>
        </test-method> <!-- test01 -->
        <test-method signature="test02()[pri:2, instance:TestCase.LoginPageTestCase@7dda48d9]" started-at="2023-11-14T14:06:05 IST" name="test02" finished-at="2023-11-14T14:06:09 IST" duration-ms="3520" status="PASS">
          <reporter-output>
          </reporter-output>
        </test-method> <!-- test02 -->
        <test-method signature="test03()[pri:3, instance:TestCase.LoginPageTestCase@7dda48d9]" started-at="2023-11-14T14:06:09 IST" name="test03" finished-at="2023-11-14T14:06:11 IST" duration-ms="2549" status="PASS">
          <reporter-output>
          </reporter-output>
        </test-method> <!-- test03 -->
        <test-method signature="test04()[pri:4, instance:TestCase.LoginPageTestCase@7dda48d9]" started-at="2023-11-14T14:06:11 IST" name="test04" finished-at="2023-11-14T14:06:13 IST" duration-ms="1176" status="PASS">
          <reporter-output>
          </reporter-output>
        </test-method> <!-- test04 -->
        <test-method signature="test05()[pri:5, instance:TestCase.LoginPageTestCase@7dda48d9]" started-at="2023-11-14T14:06:13 IST" name="test05" finished-at="2023-11-14T14:06:15 IST" duration-ms="2585" status="PASS">
          <reporter-output>
          </reporter-output>
        </test-method> <!-- test05 -->
        <test-method is-config="true" signature="tearDown()[pri:0, instance:TestCase.LoginPageTestCase@7dda48d9]" started-at="2023-11-14T14:06:15 IST" name="tearDown" finished-at="2023-11-14T14:06:15 IST" duration-ms="232" status="PASS">
          <reporter-output>
          </reporter-output>
        </test-method> <!-- tearDown -->
        <test-method is-config="true" signature="test1()[pri:0, instance:TestCase.LoginPageTestCase@7dda48d9]" started-at="2023-11-14T14:06:15 IST" name="test1" finished-at="2023-11-14T14:06:16 IST" duration-ms="626" status="PASS">
          <reporter-output>
          </reporter-output>
        </test-method> <!-- test1 -->
      </class> <!-- TestCase.LoginPageTestCase -->
    </test> <!-- Default test -->
  </suite> <!-- Default suite -->
</testng-results>
